<?xml version="1.0" encoding="UTF-8"?>
<testsuite xmlns:xsi="http://www.w3.org/2001/XMLSchema-instance" xsi:noNamespaceSchemaLocation="https://maven.apache.org/surefire/maven-surefire-plugin/xsd/surefire-test-report.xsd" name="com.gildedrose.GildedRoseTest" time="1.385" tests="27" errors="0" skipped="2" failures="0">
  <properties>
    <property name="java.specification.version" value="15"/>
    <property name="sun.cpu.isalist" value="amd64"/>
    <property name="sun.jnu.encoding" value="Cp1252"/>
    <property name="java.class.path" value="C:\Archivos\cursos\JU20201116\GildedRose.stater\target\test-classes;C:\Archivos\cursos\JU20201116\GildedRose.stater\target\classes;D:\Trabajo\Java\apache-maven-3.6.0\.m2\org\junit\jupiter\junit-jupiter\5.7.0\junit-jupiter-5.7.0.jar;D:\Trabajo\Java\apache-maven-3.6.0\.m2\org\junit\jupiter\junit-jupiter-api\5.7.0\junit-jupiter-api-5.7.0.jar;D:\Trabajo\Java\apache-maven-3.6.0\.m2\org\apiguardian\apiguardian-api\1.1.0\apiguardian-api-1.1.0.jar;D:\Trabajo\Java\apache-maven-3.6.0\.m2\org\opentest4j\opentest4j\1.2.0\opentest4j-1.2.0.jar;D:\Trabajo\Java\apache-maven-3.6.0\.m2\org\junit\platform\junit-platform-commons\1.7.0\junit-platform-commons-1.7.0.jar;D:\Trabajo\Java\apache-maven-3.6.0\.m2\org\junit\jupiter\junit-jupiter-params\5.7.0\junit-jupiter-params-5.7.0.jar;D:\Trabajo\Java\apache-maven-3.6.0\.m2\org\junit\jupiter\junit-jupiter-engine\5.7.0\junit-jupiter-engine-5.7.0.jar;D:\Trabajo\Java\apache-maven-3.6.0\.m2\org\junit\platform\junit-platform-engine\1.7.0\junit-platform-engine-1.7.0.jar;D:\Trabajo\Java\apache-maven-3.6.0\.m2\org\mockito\mockito-core\3.6.0\mockito-core-3.6.0.jar;D:\Trabajo\Java\apache-maven-3.6.0\.m2\net\bytebuddy\byte-buddy\1.10.15\byte-buddy-1.10.15.jar;D:\Trabajo\Java\apache-maven-3.6.0\.m2\net\bytebuddy\byte-buddy-agent\1.10.15\byte-buddy-agent-1.10.15.jar;D:\Trabajo\Java\apache-maven-3.6.0\.m2\org\objenesis\objenesis\3.1\objenesis-3.1.jar;D:\Trabajo\Java\apache-maven-3.6.0\.m2\org\mockito\mockito-junit-jupiter\3.6.0\mockito-junit-jupiter-3.6.0.jar;D:\Trabajo\Java\apache-maven-3.6.0\.m2\mysql\mysql-connector-java\5.1.49\mysql-connector-java-5.1.49.jar;D:\Trabajo\Java\apache-maven-3.6.0\.m2\org\dbunit\dbunit\2.7.0\dbunit-2.7.0.jar;D:\Trabajo\Java\apache-maven-3.6.0\.m2\junit\junit\4.12\junit-4.12.jar;D:\Trabajo\Java\apache-maven-3.6.0\.m2\org\hamcrest\hamcrest-core\1.3\hamcrest-core-1.3.jar;D:\Trabajo\Java\apache-maven-3.6.0\.m2\commons-collections\commons-collections\3.2.2\commons-collections-3.2.2.jar;D:\Trabajo\Java\apache-maven-3.6.0\.m2\org\apache\poi\poi-ooxml\3.17\poi-ooxml-3.17.jar;D:\Trabajo\Java\apache-maven-3.6.0\.m2\org\apache\poi\poi\3.17\poi-3.17.jar;D:\Trabajo\Java\apache-maven-3.6.0\.m2\commons-codec\commons-codec\1.10\commons-codec-1.10.jar;D:\Trabajo\Java\apache-maven-3.6.0\.m2\org\apache\commons\commons-collections4\4.1\commons-collections4-4.1.jar;D:\Trabajo\Java\apache-maven-3.6.0\.m2\org\apache\poi\poi-ooxml-schemas\3.17\poi-ooxml-schemas-3.17.jar;D:\Trabajo\Java\apache-maven-3.6.0\.m2\org\apache\xmlbeans\xmlbeans\2.6.0\xmlbeans-2.6.0.jar;D:\Trabajo\Java\apache-maven-3.6.0\.m2\stax\stax-api\1.0.1\stax-api-1.0.1.jar;D:\Trabajo\Java\apache-maven-3.6.0\.m2\com\github\virtuald\curvesapi\1.04\curvesapi-1.04.jar;D:\Trabajo\Java\apache-maven-3.6.0\.m2\org\postgresql\postgresql\42.2.5\postgresql-42.2.5.jar;D:\Trabajo\Java\apache-maven-3.6.0\.m2\org\slf4j\slf4j-api\1.7.28\slf4j-api-1.7.28.jar;D:\Trabajo\Java\apache-maven-3.6.0\.m2\org\slf4j\slf4j-simple\1.7.28\slf4j-simple-1.7.28.jar;"/>
    <property name="java.vm.vendor" value="Oracle Corporation"/>
    <property name="sun.arch.data.model" value="64"/>
    <property name="user.variant" value=""/>
    <property name="java.vendor.url" value="https://java.oracle.com/"/>
    <property name="user.timezone" value="Europe/Madrid"/>
    <property name="os.name" value="Windows 10"/>
    <property name="java.vm.specification.version" value="15"/>
    <property name="sun.java.launcher" value="SUN_STANDARD"/>
    <property name="user.country" value="ES"/>
    <property name="sun.boot.library.path" value="C:\Archivos\eclipse\plugins\org.eclipse.justj.openjdk.hotspot.jre.full.win32.x86_64_15.0.0.v20201014-1246\jre\bin"/>
    <property name="sun.java.command" value="D:\javie\temp\surefire12525092443827903374\surefirebooter12275922232221023681.jar D:\javie\temp\surefire12525092443827903374 2020-11-25T19-04-37_770-jvmRun1 surefire5709690322799851482tmp surefire_017477775773271631922tmp"/>
    <property name="jdk.debug" value="release"/>
    <property name="surefire.test.class.path" value="C:\Archivos\cursos\JU20201116\GildedRose.stater\target\test-classes;C:\Archivos\cursos\JU20201116\GildedRose.stater\target\classes;D:\Trabajo\Java\apache-maven-3.6.0\.m2\org\junit\jupiter\junit-jupiter\5.7.0\junit-jupiter-5.7.0.jar;D:\Trabajo\Java\apache-maven-3.6.0\.m2\org\junit\jupiter\junit-jupiter-api\5.7.0\junit-jupiter-api-5.7.0.jar;D:\Trabajo\Java\apache-maven-3.6.0\.m2\org\apiguardian\apiguardian-api\1.1.0\apiguardian-api-1.1.0.jar;D:\Trabajo\Java\apache-maven-3.6.0\.m2\org\opentest4j\opentest4j\1.2.0\opentest4j-1.2.0.jar;D:\Trabajo\Java\apache-maven-3.6.0\.m2\org\junit\platform\junit-platform-commons\1.7.0\junit-platform-commons-1.7.0.jar;D:\Trabajo\Java\apache-maven-3.6.0\.m2\org\junit\jupiter\junit-jupiter-params\5.7.0\junit-jupiter-params-5.7.0.jar;D:\Trabajo\Java\apache-maven-3.6.0\.m2\org\junit\jupiter\junit-jupiter-engine\5.7.0\junit-jupiter-engine-5.7.0.jar;D:\Trabajo\Java\apache-maven-3.6.0\.m2\org\junit\platform\junit-platform-engine\1.7.0\junit-platform-engine-1.7.0.jar;D:\Trabajo\Java\apache-maven-3.6.0\.m2\org\mockito\mockito-core\3.6.0\mockito-core-3.6.0.jar;D:\Trabajo\Java\apache-maven-3.6.0\.m2\net\bytebuddy\byte-buddy\1.10.15\byte-buddy-1.10.15.jar;D:\Trabajo\Java\apache-maven-3.6.0\.m2\net\bytebuddy\byte-buddy-agent\1.10.15\byte-buddy-agent-1.10.15.jar;D:\Trabajo\Java\apache-maven-3.6.0\.m2\org\objenesis\objenesis\3.1\objenesis-3.1.jar;D:\Trabajo\Java\apache-maven-3.6.0\.m2\org\mockito\mockito-junit-jupiter\3.6.0\mockito-junit-jupiter-3.6.0.jar;D:\Trabajo\Java\apache-maven-3.6.0\.m2\mysql\mysql-connector-java\5.1.49\mysql-connector-java-5.1.49.jar;D:\Trabajo\Java\apache-maven-3.6.0\.m2\org\dbunit\dbunit\2.7.0\dbunit-2.7.0.jar;D:\Trabajo\Java\apache-maven-3.6.0\.m2\junit\junit\4.12\junit-4.12.jar;D:\Trabajo\Java\apache-maven-3.6.0\.m2\org\hamcrest\hamcrest-core\1.3\hamcrest-core-1.3.jar;D:\Trabajo\Java\apache-maven-3.6.0\.m2\commons-collections\commons-collections\3.2.2\commons-collections-3.2.2.jar;D:\Trabajo\Java\apache-maven-3.6.0\.m2\org\apache\poi\poi-ooxml\3.17\poi-ooxml-3.17.jar;D:\Trabajo\Java\apache-maven-3.6.0\.m2\org\apache\poi\poi\3.17\poi-3.17.jar;D:\Trabajo\Java\apache-maven-3.6.0\.m2\commons-codec\commons-codec\1.10\commons-codec-1.10.jar;D:\Trabajo\Java\apache-maven-3.6.0\.m2\org\apache\commons\commons-collections4\4.1\commons-collections4-4.1.jar;D:\Trabajo\Java\apache-maven-3.6.0\.m2\org\apache\poi\poi-ooxml-schemas\3.17\poi-ooxml-schemas-3.17.jar;D:\Trabajo\Java\apache-maven-3.6.0\.m2\org\apache\xmlbeans\xmlbeans\2.6.0\xmlbeans-2.6.0.jar;D:\Trabajo\Java\apache-maven-3.6.0\.m2\stax\stax-api\1.0.1\stax-api-1.0.1.jar;D:\Trabajo\Java\apache-maven-3.6.0\.m2\com\github\virtuald\curvesapi\1.04\curvesapi-1.04.jar;D:\Trabajo\Java\apache-maven-3.6.0\.m2\org\postgresql\postgresql\42.2.5\postgresql-42.2.5.jar;D:\Trabajo\Java\apache-maven-3.6.0\.m2\org\slf4j\slf4j-api\1.7.28\slf4j-api-1.7.28.jar;D:\Trabajo\Java\apache-maven-3.6.0\.m2\org\slf4j\slf4j-simple\1.7.28\slf4j-simple-1.7.28.jar;"/>
    <property name="sun.cpu.endian" value="little"/>
    <property name="user.home" value="C:\Users\javie"/>
    <property name="user.language" value="es"/>
    <property name="java.specification.vendor" value="Oracle Corporation"/>
    <property name="java.version.date" value="2020-09-15"/>
    <property name="java.home" value="C:\Archivos\eclipse\plugins\org.eclipse.justj.openjdk.hotspot.jre.full.win32.x86_64_15.0.0.v20201014-1246\jre"/>
    <property name="file.separator" value="\"/>
    <property name="basedir" value="C:\Archivos\cursos\JU20201116\GildedRose.stater"/>
    <property name="java.vm.compressedOopsMode" value="Zero based"/>
    <property name="line.separator" value="&#10;"/>
    <property name="java.vm.specification.vendor" value="Oracle Corporation"/>
    <property name="java.specification.name" value="Java Platform API Specification"/>
    <property name="surefire.real.class.path" value="D:\javie\temp\surefire12525092443827903374\surefirebooter12275922232221023681.jar"/>
    <property name="user.script" value=""/>
    <property name="sun.management.compiler" value="HotSpot 64-Bit Tiered Compilers"/>
    <property name="java.runtime.version" value="15+36-1562"/>
    <property name="user.name" value="Javier"/>
    <property name="path.separator" value=";"/>
    <property name="os.version" value="10.0"/>
    <property name="java.runtime.name" value="OpenJDK Runtime Environment"/>
    <property name="file.encoding" value="Cp1252"/>
    <property name="java.vm.name" value="OpenJDK 64-Bit Server VM"/>
    <property name="localRepository" value="D:\Trabajo\Java\apache-maven-3.6.0\.m2"/>
    <property name="java.vendor.url.bug" value="https://bugreport.java.com/bugreport/"/>
    <property name="java.io.tmpdir" value="D:\javie\temp\"/>
    <property name="java.version" value="15"/>
    <property name="user.dir" value="C:\Archivos\cursos\JU20201116\GildedRose.stater"/>
    <property name="os.arch" value="amd64"/>
    <property name="java.vm.specification.name" value="Java Virtual Machine Specification"/>
    <property name="sun.os.patch.level" value=""/>
    <property name="java.library.path" value="C:\Archivos\eclipse\plugins\org.eclipse.justj.openjdk.hotspot.jre.full.win32.x86_64_15.0.0.v20201014-1246\jre\bin;C:\WINDOWS\Sun\Java\bin;C:\WINDOWS\system32;C:\WINDOWS;C:/Archivos/eclipse//plugins/org.eclipse.justj.openjdk.hotspot.jre.full.win32.x86_64_15.0.0.v20201014-1246/jre/bin/server;C:/Archivos/eclipse//plugins/org.eclipse.justj.openjdk.hotspot.jre.full.win32.x86_64_15.0.0.v20201014-1246/jre/bin;C:\Program Files\Common Files\Oracle\Java\javapath;C:\Program Files (x86)\Common Files\Oracle\Java\javapath;D:\Program Files\Python38\Scripts\;D:\Program Files\Python38\;D:\Oracle\oraclexe\app\oracle\product\11.2.0\server\bin;C:\Program Files (x86)\NVIDIA Corporation\PhysX\Common;C:\WINDOWS;C:\WINDOWS\system32;C:\WINDOWS\System32\Wbem;C:\WINDOWS\System32\WindowsPowerShell\v1.0\;C:\WINDOWS\System32\OpenSSH\;C:\WINDOWS\system32\config\systemprofile\.dnx\bin;C:\Program Files\dotnet\;C:\Program Files\Microsoft SQL Server\140\Tools\Binn\;C:\Program Files\Microsoft SQL Server\130\Tools\Binn\;C:\Program Files\Microsoft SQL Server\Client SDK\ODBC\130\Tools\Binn\;C:\Program Files (x86)\Microsoft SQL Server\140\Tools\Binn\;C:\Program Files\Microsoft SQL Server\140\DTS\Binn\;C:\Program Files\Microsoft DNX\Dnvm\;C:\Program Files\Microsoft SQL Server\120\Tools\Binn\;C:\Program Files\Microsoft VS Code\bin;D:\Trabajo\Selenium\WebDriver;C:\ProgramData\chocolatey\bin;D:\Trabajo\Java\apache-maven-3.6.0\bin;C:\Program Files (x86)\Microsoft SQL Server\140\DTS\Binn\;C:\Program Files (x86)\Microsoft SQL Server\130\DTS\Binn\;C:\Program Files (x86)\Microsoft SQL Server\120\DTS\Binn\;C:\Program Files (x86)\Microsoft SQL Server\110\DTS\Binn\;C:\Program Files (x86)\Microsoft SQL Server\150\DTS\Binn\;C:\Users\javie\AppData\Roaming\nvm;C:\Program Files\nodejs;C:\Program Files\Microsoft SQL Server\Client SDK\ODBC\170\Tools\Binn\;C:\Program Files (x86)\Intel\Intel(R) Management Engine Components\DAL;C:\Program Files\Intel\Intel(R) Management Engine Components\DAL;C:\Program Files\NVIDIA Corporation\NVIDIA NvDLISR;D:\WSO2\APIManager\3.2.0\bin;D:\WSO2\APIManager\2.6.0\\bin;C:\WINDOWS\system32;C:\WINDOWS;C:\WINDOWS\System32\Wbem;C:\WINDOWS\System32\WindowsPowerShell\v1.0\;C:\WINDOWS\System32\OpenSSH\;C:\Program Files\Git\cmd;C:\Users\javie\AppData\Local\Programs\Python\Python37-32\Scripts\;C:\Users\javie\AppData\Local\Programs\Python\Python37-32\;C:\Users\javie\AppData\Local\Microsoft\WindowsApps;C:\Program Files\Microsoft VS Code\bin;C:\Users\javie\AppData\Roaming\npm;C:\Users\javie\AppData\Roaming\nvm;C:\Program Files\nodejs;D:\Program Files\Docker Toolbox;C:\Users\javie\.dotnet\tools;C:\Users\javie\.dotnet\tools;C:\Users\javie\AppData\Local\Microsoft\WindowsApps;D:\Trabajo\sonarqube\scanner\bin;;C:\Archivos\eclipse;;."/>
    <property name="java.vm.info" value="mixed mode"/>
    <property name="java.vendor" value="Oracle Corporation"/>
    <property name="java.vm.version" value="15+36-1562"/>
    <property name="sun.io.unicode.encoding" value="UnicodeLittle"/>
    <property name="java.class.version" value="59.0"/>
  </properties>
  <testcase name="privateRefInvalidTest" classname="com.gildedrose.GildedRoseTest" time="0">
    <skipped message="void com.gildedrose.GildedRoseTest.privateRefInvalidTest() is @Disabled"/>
  </testcase>
  <testcase name="saveMalGildedRoseTest" classname="com.gildedrose.GildedRoseTest" time="0.528"/>
  <testcase name="minQualityInvalidTest" classname="com.gildedrose.GildedRoseTest" time="0.001"/>
  <testcase name="productConjuredTest{int, int, int, int}" classname="com.gildedrose.GildedRoseTest" time="0">
    <skipped message="void com.gildedrose.GildedRoseTest.productConjuredTest(int,int,int,int) is @Disabled"/>
  </testcase>
  <testcase name="productBackstagePassesTest{int, int, int, int}[1]" classname="com.gildedrose.GildedRoseTest" time="0.034"/>
  <testcase name="productBackstagePassesTest{int, int, int, int}[2]" classname="com.gildedrose.GildedRoseTest" time="0.001"/>
  <testcase name="productBackstagePassesTest{int, int, int, int}[3]" classname="com.gildedrose.GildedRoseTest" time="0.001"/>
  <testcase name="productBackstagePassesTest{int, int, int, int}[4]" classname="com.gildedrose.GildedRoseTest" time="0.002"/>
  <testcase name="productBackstagePassesTest{int, int, int, int}[5]" classname="com.gildedrose.GildedRoseTest" time="0.002"/>
  <testcase name="productBackstagePassesTest{int, int, int, int}[6]" classname="com.gildedrose.GildedRoseTest" time="0.001"/>
  <testcase name="demoMockMuchosTest" classname="com.gildedrose.GildedRoseTest" time="0.002"/>
  <testcase name="otherProductTest{int, int, int, int}[1]" classname="com.gildedrose.GildedRoseTest" time="0.001"/>
  <testcase name="otherProductTest{int, int, int, int}[2]" classname="com.gildedrose.GildedRoseTest" time="0.001"/>
  <testcase name="otherProductTest{int, int, int, int}[3]" classname="com.gildedrose.GildedRoseTest" time="0.001"/>
  <testcase name="otherProductTest{int, int, int, int}[4]" classname="com.gildedrose.GildedRoseTest" time="0.001"/>
  <testcase name="demoMockTest" classname="com.gildedrose.GildedRoseTest" time="0.003"/>
  <testcase name="productSulfurasValidTest{int, int, int, int}[1]" classname="com.gildedrose.GildedRoseTest" time="0.002"/>
  <testcase name="productSulfurasValidTest{int, int, int, int}[2]" classname="com.gildedrose.GildedRoseTest" time="0.001"/>
  <testcase name="constructorGildedRoseTest" classname="com.gildedrose.GildedRoseTest" time="0.004"/>
  <testcase name="productAgedBrieTest{int, int, int, int}[1]" classname="com.gildedrose.GildedRoseTest" time="0.002"/>
  <testcase name="productAgedBrieTest{int, int, int, int}[2]" classname="com.gildedrose.GildedRoseTest" time="0.001"/>
  <testcase name="productAgedBrieTest{int, int, int, int}[3]" classname="com.gildedrose.GildedRoseTest" time="0"/>
  <testcase name="productAgedBrieTest{int, int, int, int}[4]" classname="com.gildedrose.GildedRoseTest" time="0.001"/>
  <testcase name="sulfurasQualityInvalidTest" classname="com.gildedrose.GildedRoseTest" time="0.001"/>
  <testcase name="saveRealGildedRoseTest" classname="com.gildedrose.GildedRoseTest" time="0.704"/>
  <testcase name="saveGildedRoseTest" classname="com.gildedrose.GildedRoseTest" time="0.003"/>
  <testcase name="maxQualityInvalidTest" classname="com.gildedrose.GildedRoseTest" time="0.001"/>
</testsuite>